<?xml version="1.0" encoding="UTF-8"?>
<!-- Generated by org.testng.reporters.JUnitReportReporter -->
<testsuite hostname="Sukesh" failures="0" tests="1" name="com.testscrt.HELLO" time="0.006" errors="0" timestamp="8 Oct 2024 09:31:25 GMT">
  <testcase classname="com.testscrt.HELLO" name="samle" time="0.006"/>
</testsuite> <!-- com.testscrt.HELLO -->
