<?xml version="1.0" encoding="UTF-8"?>
<!-- Generated by org.testng.reporters.JUnitReportReporter -->
<testsuite hostname="Sukesh" failures="0" tests="1" name="com.testscript.Test" time="1.932" errors="0" timestamp="2024-10-08T12:19:02 IST" skipped="0">
  <testcase classname="com.testscript.Test" name="log" time="1.932"/>
  <system-out/>
</testsuite> <!-- com.testscript.Test -->
